# JRE version: OpenJDK Runtime Environment Temurin-21.0.10+7 (21.0.10+7) (build 21.0.10+7-LTS)
# Java VM: OpenJDK 64-Bit Server VM Temurin-21.0.10+7 (21.0.10+7-LTS, mixed mode, sharing, tiered, compressed oops, compressed class ptrs, parallel gc, windows-amd64)
GC Precious Log:
 CardTable entry size: 512
 CPUs: 4 total, 4 available
 Memory: 7958M
 Large Page Support: Disabled
 NUMA Support: Disabled
 Compressed Oops: Enabled (32-bit)
 Alignments: Space 512K, Generation 512K, Heap 2M
 Heap Min Capacity: 100M
 Heap Initial Capacity: 100M
 Heap Max Capacity: 2G
 Pre-touch: Disabled
 Parallel Workers: 4
Heap:
 PSYoungGen      total 4096K, used 4096K [0x00000000d5580000, 0x00000000d5d00000, 0x0000000100000000)
  eden space 2048K, 100% used [0x00000000d5580000,0x00000000d5780000,0x00000000d5780000)
  from space 2048K, 100% used [0x00000000d5900000,0x00000000d5b00000,0x00000000d5b00000)
  to   space 1536K, 76% used [0x00000000d5b80000,0x00000000d5ca5318,0x00000000d5d00000)
 ParOldGen       total 408064K, used 408054K [0x0000000080000000, 0x0000000098e80000, 0x00000000d5580000)
  object space 408064K, 99% used [0x0000000080000000,0x0000000098e7daf0,0x0000000098e80000)
 Metaspace       used 81055K, committed 82688K, reserved 1179648K
  class space    used 8123K, committed 8832K, reserved 1048576K
GC Heap History (20 events):
Event: 928.919 GC heap after
{Heap after GC invocations=1785 (full 5):
 PSYoungGen      total 3072K, used 128K [0x00000000d5580000, 0x00000000d5980000, 0x0000000100000000)
  eden space 2560K, 0% used [0x00000000d5580000,0x00000000d5580000,0x00000000d5800000)
  from space 512K, 25% used [0x00000000d5900000,0x00000000d5920000,0x00000000d5980000)
  to   space 512K, 0% used [0x00000000d5880000,0x00000000d5880000,0x00000000d5900000)
 ParOldGen       total 397824K, used 397412K [0x0000000080000000, 0x0000000098480000, 0x00000000d5580000)
  object space 397824K, 99% used [0x0000000080000000,0x0000000098419340,0x0000000098480000)
 Metaspace       used 81043K, committed 82688K, reserved 1179648K
  class space    used 8123K, committed 8832K, reserved 1048576K
}
Event: 929.107 GC heap before
{Heap before GC invocations=1786 (full 5):
 PSYoungGen      total 3072K, used 2603K [0x00000000d5580000, 0x00000000d5980000, 0x0000000100000000)
  eden space 2560K, 96% used [0x00000000d5580000,0x00000000d57eaea0,0x00000000d5800000)
  from space 512K, 25% used [0x00000000d5900000,0x00000000d5920000,0x00000000d5980000)
  to   space 512K, 0% used [0x00000000d5880000,0x00000000d5880000,0x00000000d5900000)
 ParOldGen       total 397824K, used 397412K [0x0000000080000000, 0x0000000098480000, 0x00000000d5580000)
  object space 397824K, 99% used [0x0000000080000000,0x0000000098419340,0x0000000098480000)
 Metaspace       used 81053K, committed 82688K, reserved 1179648K
  class space    used 8123K, committed 8832K, reserved 1048576K
}
Event: 929.108 GC heap after
{Heap after GC invocations=1786 (full 5):
 PSYoungGen      total 3072K, used 128K [0x00000000d5580000, 0x00000000d5980000, 0x0000000100000000)
  eden space 2560K, 0% used [0x00000000d5580000,0x00000000d5580000,0x00000000d5800000)
  from space 512K, 25% used [0x00000000d5880000,0x00000000d58a0000,0x00000000d5900000)
  to   space 512K, 0% used [0x00000000d5900000,0x00000000d5900000,0x00000000d5980000)
 ParOldGen       total 397824K, used 397444K [0x0000000080000000, 0x0000000098480000, 0x00000000d5580000)
  object space 397824K, 99% used [0x0000000080000000,0x0000000098421340,0x0000000098480000)
 Metaspace       used 81053K, committed 82688K, reserved 1179648K
  class space    used 8123K, committed 8832K, reserved 1048576K
}
Event: 929.115 GC heap before
{Heap before GC invocations=1787 (full 5):
 PSYoungGen      total 3072K, used 2688K [0x00000000d5580000, 0x00000000d5980000, 0x0000000100000000)
  eden space 2560K, 100% used [0x00000000d5580000,0x00000000d5800000,0x00000000d5800000)
  from space 512K, 25% used [0x00000000d5880000,0x00000000d58a0000,0x00000000d5900000)
  to   space 512K, 0% used [0x00000000d5900000,0x00000000d5900000,0x00000000d5980000)
 ParOldGen       total 397824K, used 397444K [0x0000000080000000, 0x0000000098480000, 0x00000000d5580000)
  object space 397824K, 99% used [0x0000000080000000,0x0000000098421340,0x0000000098480000)
 Metaspace       used 81053K, committed 82688K, reserved 1179648K
  class space    used 8123K, committed 8832K, reserved 1048576K
}
Event: 929.118 GC heap after
{Heap after GC invocations=1787 (full 5):
 PSYoungGen      total 1024K, used 484K [0x00000000d5580000, 0x00000000d5e00000, 0x0000000100000000)
  eden space 512K, 0% used [0x00000000d5580000,0x00000000d5580000,0x00000000d5600000)
  from space 512K, 94% used [0x00000000d5900000,0x00000000d59793c0,0x00000000d5980000)
  to   space 3072K, 0% used [0x00000000d5600000,0x00000000d5600000,0x00000000d5900000)
 ParOldGen       total 399872K, used 399554K [0x0000000080000000, 0x0000000098680000, 0x00000000d5580000)
  object space 399872K, 99% used [0x0000000080000000,0x0000000098630af0,0x0000000098680000)
 Metaspace       used 81053K, committed 82688K, reserved 1179648K
  class space    used 8123K, committed 8832K, reserved 1048576K
}
Event: 929.120 GC heap before
{Heap before GC invocations=1788 (full 5):
 PSYoungGen      total 1024K, used 996K [0x00000000d5580000, 0x00000000d5e00000, 0x0000000100000000)
  eden space 512K, 99% used [0x00000000d5580000,0x00000000d55fffc0,0x00000000d5600000)
  from space 512K, 94% used [0x00000000d5900000,0x00000000d59793c0,0x00000000d5980000)
  to   space 3072K, 0% used [0x00000000d5600000,0x00000000d5600000,0x00000000d5900000)
 ParOldGen       total 399872K, used 399554K [0x0000000080000000, 0x0000000098680000, 0x00000000d5580000)
  object space 399872K, 99% used [0x0000000080000000,0x0000000098630af0,0x0000000098680000)
 Metaspace       used 81053K, committed 82688K, reserved 1179648K
  class space    used 8123K, committed 8832K, reserved 1048576K
}
Event: 929.122 GC heap after
{Heap after GC invocations=1788 (full 5):
 PSYoungGen      total 1024K, used 512K [0x00000000d5580000, 0x00000000d5980000, 0x0000000100000000)
  eden space 512K, 0% used [0x00000000d5580000,0x00000000d5580000,0x00000000d5600000)
  from space 512K, 100% used [0x00000000d5600000,0x00000000d5680000,0x00000000d5680000)
  to   space 1536K, 0% used [0x00000000d5800000,0x00000000d5800000,0x00000000d5980000)
 ParOldGen       total 400384K, used 400063K [0x0000000080000000, 0x0000000098700000, 0x00000000d5580000)
  object space 400384K, 99% used [0x0000000080000000,0x00000000986afeb0,0x0000000098700000)
 Metaspace       used 81053K, committed 82688K, reserved 1179648K
  class space    used 8123K, committed 8832K, reserved 1048576K
}
Event: 929.125 GC heap before
{Heap before GC invocations=1789 (full 5):
 PSYoungGen      total 1024K, used 1024K [0x00000000d5580000, 0x00000000d5980000, 0x0000000100000000)
  eden space 512K, 100% used [0x00000000d5580000,0x00000000d5600000,0x00000000d5600000)
  from space 512K, 100% used [0x00000000d5600000,0x00000000d5680000,0x00000000d5680000)
  to   space 1536K, 0% used [0x00000000d5800000,0x00000000d5800000,0x00000000d5980000)
 ParOldGen       total 400384K, used 400063K [0x0000000080000000, 0x0000000098700000, 0x00000000d5580000)
  object space 400384K, 99% used [0x0000000080000000,0x00000000986afeb0,0x0000000098700000)
 Metaspace       used 81053K, committed 82688K, reserved 1179648K
  class space    used 8123K, committed 8832K, reserved 1048576K
}
Event: 929.127 GC heap after
{Heap after GC invocations=1789 (full 5):
 PSYoungGen      total 2048K, used 544K [0x00000000d5580000, 0x00000000d5900000, 0x0000000100000000)
  eden space 1024K, 0% used [0x00000000d5580000,0x00000000d5580000,0x00000000d5680000)
  from space 1024K, 53% used [0x00000000d5800000,0x00000000d5888000,0x00000000d5900000)
  to   space 1024K, 0% used [0x00000000d5700000,0x00000000d5700000,0x00000000d5800000)
 ParOldGen       total 400896K, used 400551K [0x0000000080000000, 0x0000000098780000, 0x00000000d5580000)
  object space 400896K, 99% used [0x0000000080000000,0x0000000098729eb0,0x0000000098780000)
 Metaspace       used 81053K, committed 82688K, reserved 1179648K
  class space    used 8123K, committed 8832K, reserved 1048576K
}
Event: 929.134 GC heap before
{Heap before GC invocations=1790 (full 5):
 PSYoungGen      total 2048K, used 1568K [0x00000000d5580000, 0x00000000d5900000, 0x0000000100000000)
  eden space 1024K, 100% used [0x00000000d5580000,0x00000000d5680000,0x00000000d5680000)
  from space 1024K, 53% used [0x00000000d5800000,0x00000000d5888000,0x00000000d5900000)
  to   space 1024K, 0% used [0x00000000d5700000,0x00000000d5700000,0x00000000d5800000)
 ParOldGen       total 400896K, used 400551K [0x0000000080000000, 0x0000000098780000, 0x00000000d5580000)
  object space 400896K, 99% used [0x0000000080000000,0x0000000098729eb0,0x0000000098780000)
 Metaspace       used 81053K, committed 82688K, reserved 1179648K
  class space    used 8123K, committed 8832K, reserved 1048576K
}
Event: 929.137 GC heap after
{Heap after GC invocations=1790 (full 5):
 PSYoungGen      total 2560K, used 1024K [0x00000000d5580000, 0x00000000d5b00000, 0x0000000100000000)
  eden space 1536K, 0% used [0x00000000d5580000,0x00000000d5580000,0x00000000d5700000)
  from space 1024K, 100% used [0x00000000d5700000,0x00000000d5800000,0x00000000d5800000)
  to   space 2048K, 0% used [0x00000000d5900000,0x00000000d5900000,0x00000000d5b00000)
 ParOldGen       total 401408K, used 401047K [0x0000000080000000, 0x0000000098800000, 0x00000000d5580000)
  object space 401408K, 99% used [0x0000000080000000,0x00000000987a5eb0,0x0000000098800000)
 Metaspace       used 81053K, committed 82688K, reserved 1179648K
  class space    used 8123K, committed 8832K, reserved 1048576K
}
Event: 929.147 GC heap before
{Heap before GC invocations=1791 (full 5):
 PSYoungGen      total 2560K, used 2552K [0x00000000d5580000, 0x00000000d5b00000, 0x0000000100000000)
  eden space 1536K, 99% used [0x00000000d5580000,0x00000000d56fe0a8,0x00000000d5700000)
  from space 1024K, 100% used [0x00000000d5700000,0x00000000d5800000,0x00000000d5800000)
  to   space 2048K, 0% used [0x00000000d5900000,0x00000000d5900000,0x00000000d5b00000)
 ParOldGen       total 401408K, used 401047K [0x0000000080000000, 0x0000000098800000, 0x00000000d5580000)
  object space 401408K, 99% used [0x0000000080000000,0x00000000987a5eb0,0x0000000098800000)
 Metaspace       used 81053K, committed 82688K, reserved 1179648K
  class space    used 8123K, committed 8832K, reserved 1048576K
}
Event: 929.151 GC heap after
{Heap after GC invocations=1791 (full 5):
 PSYoungGen      total 3584K, used 1460K [0x00000000d5580000, 0x00000000d5a80000, 0x0000000100000000)
  eden space 2048K, 0% used [0x00000000d5580000,0x00000000d5580000,0x00000000d5780000)
  from space 1536K, 95% used [0x00000000d5900000,0x00000000d5a6d000,0x00000000d5a80000)
  to   space 1536K, 0% used [0x00000000d5780000,0x00000000d5780000,0x00000000d5900000)
 ParOldGen       total 402432K, used 402039K [0x0000000080000000, 0x0000000098900000, 0x00000000d5580000)
  object space 402432K, 99% used [0x0000000080000000,0x000000009889deb0,0x0000000098900000)
 Metaspace       used 81053K, committed 82688K, reserved 1179648K
  class space    used 8123K, committed 8832K, reserved 1048576K
}
Event: 929.196 GC heap before
{Heap before GC invocations=1792 (full 5):
 PSYoungGen      total 3584K, used 3507K [0x00000000d5580000, 0x00000000d5a80000, 0x0000000100000000)
  eden space 2048K, 99% used [0x00000000d5580000,0x00000000d577ffe0,0x00000000d5780000)
  from space 1536K, 95% used [0x00000000d5900000,0x00000000d5a6d000,0x00000000d5a80000)
  to   space 1536K, 0% used [0x00000000d5780000,0x00000000d5780000,0x00000000d5900000)
 ParOldGen       total 402432K, used 402039K [0x0000000080000000, 0x0000000098900000, 0x00000000d5580000)
  object space 402432K, 99% used [0x0000000080000000,0x000000009889deb0,0x0000000098900000)
 Metaspace       used 81053K, committed 82688K, reserved 1179648K
  class space    used 8123K, committed 8832K, reserved 1048576K
}
Event: 929.200 GC heap after
{Heap after GC invocations=1792 (full 5):
 PSYoungGen      total 3584K, used 1520K [0x00000000d5580000, 0x00000000d5f00000, 0x0000000100000000)
  eden space 2048K, 0% used [0x00000000d5580000,0x00000000d5580000,0x00000000d5780000)
  from space 1536K, 98% used [0x00000000d5780000,0x00000000d58fc000,0x00000000d5900000)
  to   space 3584K, 0% used [0x00000000d5b80000,0x00000000d5b80000,0x00000000d5f00000)
 ParOldGen       total 403968K, used 403647K [0x0000000080000000, 0x0000000098a80000, 0x00000000d5580000)
  object space 403968K, 99% used [0x0000000080000000,0x0000000098a2feb0,0x0000000098a80000)
 Metaspace       used 81053K, committed 82688K, reserved 1179648K
  class space    used 8123K, committed 8832K, reserved 1048576K
}
Event: 929.250 GC heap before
{Heap before GC invocations=1793 (full 5):
 PSYoungGen      total 3584K, used 3568K [0x00000000d5580000, 0x00000000d5f00000, 0x0000000100000000)
  eden space 2048K, 100% used [0x00000000d5580000,0x00000000d5780000,0x00000000d5780000)
  from space 1536K, 98% used [0x00000000d5780000,0x00000000d58fc000,0x00000000d5900000)
  to   space 3584K, 0% used [0x00000000d5b80000,0x00000000d5b80000,0x00000000d5f00000)
 ParOldGen       total 403968K, used 403647K [0x0000000080000000, 0x0000000098a80000, 0x00000000d5580000)
  object space 403968K, 99% used [0x0000000080000000,0x0000000098a2feb0,0x0000000098a80000)
 Metaspace       used 81055K, committed 82688K, reserved 1179648K
  class space    used 8123K, committed 8832K, reserved 1048576K
}
Event: 929.253 GC heap after
{Heap after GC invocations=1793 (full 5):
 PSYoungGen      total 3584K, used 1303K [0x00000000d5580000, 0x00000000d5d00000, 0x0000000100000000)
  eden space 2048K, 0% used [0x00000000d5580000,0x00000000d5580000,0x00000000d5780000)
  from space 1536K, 84% used [0x00000000d5b80000,0x00000000d5cc5c40,0x00000000d5d00000)
  to   space 2048K, 0% used [0x00000000d5900000,0x00000000d5900000,0x00000000d5b00000)
 ParOldGen       total 404992K, used 404831K [0x0000000080000000, 0x0000000098b80000, 0x00000000d5580000)
  object space 404992K, 99% used [0x0000000080000000,0x0000000098b57eb0,0x0000000098b80000)
 Metaspace       used 81055K, committed 82688K, reserved 1179648K
  class space    used 8123K, committed 8832K, reserved 1048576K
}
Event: 929.281 GC heap before
{Heap before GC invocations=1794 (full 5):
 PSYoungGen      total 3584K, used 3351K [0x00000000d5580000, 0x00000000d5d00000, 0x0000000100000000)
  eden space 2048K, 100% used [0x00000000d5580000,0x00000000d5780000,0x00000000d5780000)
  from space 1536K, 84% used [0x00000000d5b80000,0x00000000d5cc5c40,0x00000000d5d00000)
  to   space 2048K, 0% used [0x00000000d5900000,0x00000000d5900000,0x00000000d5b00000)
 ParOldGen       total 404992K, used 404831K [0x0000000080000000, 0x0000000098b80000, 0x00000000d5580000)
  object space 404992K, 99% used [0x0000000080000000,0x0000000098b57eb0,0x0000000098b80000)
 Metaspace       used 81055K, committed 82688K, reserved 1179648K
  class space    used 8123K, committed 8832K, reserved 1048576K
}
Event: 929.543 GC heap after
{Heap after GC invocations=1794 (full 5):
 PSYoungGen      total 4096K, used 2048K [0x00000000d5580000, 0x00000000d5d00000, 0x0000000100000000)
  eden space 2048K, 0% used [0x00000000d5580000,0x00000000d5580000,0x00000000d5780000)
  from space 2048K, 100% used [0x00000000d5900000,0x00000000d5b00000,0x00000000d5b00000)
  to   space 1536K, 0% used [0x00000000d5b80000,0x00000000d5b80000,0x00000000d5d00000)
 ParOldGen       total 406528K, used 406054K [0x0000000080000000, 0x0000000098d00000, 0x00000000d5580000)
  object space 406528K, 99% used [0x0000000080000000,0x0000000098c89af0,0x0000000098d00000)
 Metaspace       used 81055K, committed 82688K, reserved 1179648K
  class space    used 8123K, committed 8832K, reserved 1048576K
}
Event: 929.586 GC heap before
{Heap before GC invocations=1795 (full 5):
 PSYoungGen      total 4096K, used 4096K [0x00000000d5580000, 0x00000000d5d00000, 0x0000000100000000)
  eden space 2048K, 100% used [0x00000000d5580000,0x00000000d5780000,0x00000000d5780000)
  from space 2048K, 100% used [0x00000000d5900000,0x00000000d5b00000,0x00000000d5b00000)
  to   space 1536K, 0% used [0x00000000d5b80000,0x00000000d5b80000,0x00000000d5d00000)
 ParOldGen       total 406528K, used 406054K [0x0000000080000000, 0x0000000098d00000, 0x00000000d5580000)
  object space 406528K, 99% used [0x0000000080000000,0x0000000098c89af0,0x0000000098d00000)
 Metaspace       used 81055K, committed 82688K, reserved 1179648K
  class space    used 8123K, committed 8832K, reserved 1048576K
}

