# JRE version: OpenJDK Runtime Environment Temurin-21.0.10+7 (21.0.10+7) (build 21.0.10+7-LTS)
# Java VM: OpenJDK 64-Bit Server VM Temurin-21.0.10+7 (21.0.10+7-LTS, mixed mode, sharing, tiered, compressed oops, compressed class ptrs, parallel gc, windows-amd64)
GC Precious Log:
 CardTable entry size: 512
 CPUs: 4 total, 4 available
 Memory: 7958M
 Large Page Support: Disabled
 NUMA Support: Disabled
 Compressed Oops: Enabled (32-bit)
 Alignments: Space 512K, Generation 512K, Heap 2M
 Heap Min Capacity: 100M
 Heap Initial Capacity: 100M
 Heap Max Capacity: 2G
 Pre-touch: Disabled
 Parallel Workers: 4
Heap:
 PSYoungGen      total 17408K, used 16793K [0x00000000d5580000, 0x00000000d6a80000, 0x0000000100000000)
  eden space 15872K, 97% used [0x00000000d5580000,0x00000000d64abb90,0x00000000d6500000)
  from space 1536K, 81% used [0x00000000d6900000,0x00000000d6a3aba0,0x00000000d6a80000)
  to   space 2560K, 0% used [0x00000000d6580000,0x00000000d6580000,0x00000000d6800000)
 ParOldGen       total 82944K, used 82620K [0x0000000080000000, 0x0000000085100000, 0x00000000d5580000)
  object space 82944K, 99% used [0x0000000080000000,0x00000000850af220,0x0000000085100000)
 Metaspace       used 75562K, committed 77120K, reserved 1179648K
  class space    used 7861K, committed 8512K, reserved 1048576K
GC Heap History (20 events):
Event: 61.786 GC heap before
{Heap before GC invocations=50 (full 3):
 PSYoungGen      total 20480K, used 20468K [0x00000000d5580000, 0x00000000d7980000, 0x0000000100000000)
  eden space 19456K, 100% used [0x00000000d5580000,0x00000000d6880000,0x00000000d6880000)
  from space 1024K, 98% used [0x00000000d7000000,0x00000000d70fd110,0x00000000d7100000)
  to   space 7680K, 0% used [0x00000000d6880000,0x00000000d6880000,0x00000000d7000000)
 ParOldGen       total 68608K, used 64400K [0x0000000080000000, 0x0000000084300000, 0x00000000d5580000)
  object space 68608K, 93% used [0x0000000080000000,0x0000000083ee41f0,0x0000000084300000)
 Metaspace       used 73726K, committed 75264K, reserved 1179648K
  class space    used 7692K, committed 8384K, reserved 1048576K
}
Event: 61.794 GC heap after
{Heap after GC invocations=50 (full 3):
 PSYoungGen      total 25088K, used 5597K [0x00000000d5580000, 0x00000000d7480000, 0x0000000100000000)
  eden space 19456K, 0% used [0x00000000d5580000,0x00000000d5580000,0x00000000d6880000)
  from space 5632K, 99% used [0x00000000d6880000,0x00000000d6df76a0,0x00000000d6e00000)
  to   space 6144K, 0% used [0x00000000d6e80000,0x00000000d6e80000,0x00000000d7480000)
 ParOldGen       total 68608K, used 64560K [0x0000000080000000, 0x0000000084300000, 0x00000000d5580000)
  object space 68608K, 94% used [0x0000000080000000,0x0000000083f0c2a8,0x0000000084300000)
 Metaspace       used 73726K, committed 75264K, reserved 1179648K
  class space    used 7692K, committed 8384K, reserved 1048576K
}
Event: 64.156 GC heap before
{Heap before GC invocations=51 (full 3):
 PSYoungGen      total 25088K, used 24985K [0x00000000d5580000, 0x00000000d7480000, 0x0000000100000000)
  eden space 19456K, 99% used [0x00000000d5580000,0x00000000d686f040,0x00000000d6880000)
  from space 5632K, 99% used [0x00000000d6880000,0x00000000d6df76a0,0x00000000d6e00000)
  to   space 6144K, 0% used [0x00000000d6e80000,0x00000000d6e80000,0x00000000d7480000)
 ParOldGen       total 68608K, used 64560K [0x0000000080000000, 0x0000000084300000, 0x00000000d5580000)
  object space 68608K, 94% used [0x0000000080000000,0x0000000083f0c2a8,0x0000000084300000)
 Metaspace       used 73919K, committed 75520K, reserved 1179648K
  class space    used 7694K, committed 8384K, reserved 1048576K
}
Event: 64.160 GC heap after
{Heap after GC invocations=51 (full 3):
 PSYoungGen      total 20992K, used 1435K [0x00000000d5580000, 0x00000000d7000000, 0x0000000100000000)
  eden space 19456K, 0% used [0x00000000d5580000,0x00000000d5580000,0x00000000d6880000)
  from space 1536K, 93% used [0x00000000d6e80000,0x00000000d6fe6e28,0x00000000d7000000)
  to   space 3072K, 0% used [0x00000000d6a00000,0x00000000d6a00000,0x00000000d6d00000)
 ParOldGen       total 69632K, used 69445K [0x0000000080000000, 0x0000000084400000, 0x00000000d5580000)
  object space 69632K, 99% used [0x0000000080000000,0x00000000843d1630,0x0000000084400000)
 Metaspace       used 73919K, committed 75520K, reserved 1179648K
  class space    used 7694K, committed 8384K, reserved 1048576K
}
Event: 64.561 GC heap before
{Heap before GC invocations=52 (full 3):
 PSYoungGen      total 20992K, used 20891K [0x00000000d5580000, 0x00000000d7000000, 0x0000000100000000)
  eden space 19456K, 100% used [0x00000000d5580000,0x00000000d6880000,0x00000000d6880000)
  from space 1536K, 93% used [0x00000000d6e80000,0x00000000d6fe6e28,0x00000000d7000000)
  to   space 3072K, 0% used [0x00000000d6a00000,0x00000000d6a00000,0x00000000d6d00000)
 ParOldGen       total 69632K, used 69445K [0x0000000080000000, 0x0000000084400000, 0x00000000d5580000)
  object space 69632K, 99% used [0x0000000080000000,0x00000000843d1630,0x0000000084400000)
 Metaspace       used 73972K, committed 75584K, reserved 1179648K
  class space    used 7695K, committed 8384K, reserved 1048576K
}
Event: 64.565 GC heap after
{Heap after GC invocations=52 (full 3):
 PSYoungGen      total 22528K, used 485K [0x00000000d5580000, 0x00000000d6f00000, 0x0000000100000000)
  eden space 19456K, 0% used [0x00000000d5580000,0x00000000d5580000,0x00000000d6880000)
  from space 3072K, 15% used [0x00000000d6a00000,0x00000000d6a795d0,0x00000000d6d00000)
  to   space 1536K, 0% used [0x00000000d6d80000,0x00000000d6d80000,0x00000000d6f00000)
 ParOldGen       total 70656K, used 70550K [0x0000000080000000, 0x0000000084500000, 0x00000000d5580000)
  object space 70656K, 99% used [0x0000000080000000,0x00000000844e5840,0x0000000084500000)
 Metaspace       used 73972K, committed 75584K, reserved 1179648K
  class space    used 7695K, committed 8384K, reserved 1048576K
}
Event: 69.881 GC heap before
{Heap before GC invocations=53 (full 3):
 PSYoungGen      total 22528K, used 19941K [0x00000000d5580000, 0x00000000d6f00000, 0x0000000100000000)
  eden space 19456K, 100% used [0x00000000d5580000,0x00000000d6880000,0x00000000d6880000)
  from space 3072K, 15% used [0x00000000d6a00000,0x00000000d6a795d0,0x00000000d6d00000)
  to   space 1536K, 0% used [0x00000000d6d80000,0x00000000d6d80000,0x00000000d6f00000)
 ParOldGen       total 70656K, used 70550K [0x0000000080000000, 0x0000000084500000, 0x00000000d5580000)
  object space 70656K, 99% used [0x0000000080000000,0x00000000844e5840,0x0000000084500000)
 Metaspace       used 74078K, committed 75648K, reserved 1179648K
  class space    used 7697K, committed 8384K, reserved 1048576K
}
Event: 69.886 GC heap after
{Heap after GC invocations=53 (full 3):
 PSYoungGen      total 20992K, used 1526K [0x00000000d5580000, 0x00000000d6f00000, 0x0000000100000000)
  eden space 19456K, 0% used [0x00000000d5580000,0x00000000d5580000,0x00000000d6880000)
  from space 1536K, 99% used [0x00000000d6d80000,0x00000000d6efda08,0x00000000d6f00000)
  to   space 3072K, 0% used [0x00000000d6900000,0x00000000d6900000,0x00000000d6c00000)
 ParOldGen       total 71680K, used 71616K [0x0000000080000000, 0x0000000084600000, 0x00000000d5580000)
  object space 71680K, 99% used [0x0000000080000000,0x00000000845f0190,0x0000000084600000)
 Metaspace       used 74078K, committed 75648K, reserved 1179648K
  class space    used 7697K, committed 8384K, reserved 1048576K
}
Event: 70.295 GC heap before
{Heap before GC invocations=54 (full 3):
 PSYoungGen      total 20992K, used 20922K [0x00000000d5580000, 0x00000000d6f00000, 0x0000000100000000)
  eden space 19456K, 99% used [0x00000000d5580000,0x00000000d6870f78,0x00000000d6880000)
  from space 1536K, 99% used [0x00000000d6d80000,0x00000000d6efda08,0x00000000d6f00000)
  to   space 3072K, 0% used [0x00000000d6900000,0x00000000d6900000,0x00000000d6c00000)
 ParOldGen       total 71680K, used 71616K [0x0000000080000000, 0x0000000084600000, 0x00000000d5580000)
  object space 71680K, 99% used [0x0000000080000000,0x00000000845f0190,0x0000000084600000)
 Metaspace       used 74696K, committed 76224K, reserved 1179648K
  class space    used 7779K, committed 8448K, reserved 1048576K
}
Event: 70.301 GC heap after
{Heap after GC invocations=54 (full 3):
 PSYoungGen      total 22528K, used 720K [0x00000000d5580000, 0x00000000d6e00000, 0x0000000100000000)
  eden space 19456K, 0% used [0x00000000d5580000,0x00000000d5580000,0x00000000d6880000)
  from space 3072K, 23% used [0x00000000d6900000,0x00000000d69b4010,0x00000000d6c00000)
  to   space 1536K, 0% used [0x00000000d6c80000,0x00000000d6c80000,0x00000000d6e00000)
 ParOldGen       total 73216K, used 73111K [0x0000000080000000, 0x0000000084780000, 0x00000000d5580000)
  object space 73216K, 99% used [0x0000000080000000,0x0000000084765e58,0x0000000084780000)
 Metaspace       used 74696K, committed 76224K, reserved 1179648K
  class space    used 7779K, committed 8448K, reserved 1048576K
}
Event: 70.532 GC heap before
{Heap before GC invocations=55 (full 3):
 PSYoungGen      total 22528K, used 20176K [0x00000000d5580000, 0x00000000d6e00000, 0x0000000100000000)
  eden space 19456K, 100% used [0x00000000d5580000,0x00000000d6880000,0x00000000d6880000)
  from space 3072K, 23% used [0x00000000d6900000,0x00000000d69b4010,0x00000000d6c00000)
  to   space 1536K, 0% used [0x00000000d6c80000,0x00000000d6c80000,0x00000000d6e00000)
 ParOldGen       total 73216K, used 73111K [0x0000000080000000, 0x0000000084780000, 0x00000000d5580000)
  object space 73216K, 99% used [0x0000000080000000,0x0000000084765e58,0x0000000084780000)
 Metaspace       used 74866K, committed 76416K, reserved 1179648K
  class space    used 7808K, committed 8512K, reserved 1048576K
}
Event: 70.536 GC heap after
{Heap after GC invocations=55 (full 3):
 PSYoungGen      total 20992K, used 1508K [0x00000000d5580000, 0x00000000d6f80000, 0x0000000100000000)
  eden space 19456K, 0% used [0x00000000d5580000,0x00000000d5580000,0x00000000d6880000)
  from space 1536K, 98% used [0x00000000d6c80000,0x00000000d6df9278,0x00000000d6e00000)
  to   space 3584K, 0% used [0x00000000d6880000,0x00000000d6880000,0x00000000d6c00000)
 ParOldGen       total 74752K, used 74473K [0x0000000080000000, 0x0000000084900000, 0x00000000d5580000)
  object space 74752K, 99% used [0x0000000080000000,0x00000000848ba7b8,0x0000000084900000)
 Metaspace       used 74866K, committed 76416K, reserved 1179648K
  class space    used 7808K, committed 8512K, reserved 1048576K
}
Event: 71.732 GC heap before
{Heap before GC invocations=56 (full 3):
 PSYoungGen      total 20992K, used 20964K [0x00000000d5580000, 0x00000000d6f80000, 0x0000000100000000)
  eden space 19456K, 100% used [0x00000000d5580000,0x00000000d6880000,0x00000000d6880000)
  from space 1536K, 98% used [0x00000000d6c80000,0x00000000d6df9278,0x00000000d6e00000)
  to   space 3584K, 0% used [0x00000000d6880000,0x00000000d6880000,0x00000000d6c00000)
 ParOldGen       total 74752K, used 74473K [0x0000000080000000, 0x0000000084900000, 0x00000000d5580000)
  object space 74752K, 99% used [0x0000000080000000,0x00000000848ba7b8,0x0000000084900000)
 Metaspace       used 75321K, committed 76864K, reserved 1179648K
  class space    used 7852K, committed 8512K, reserved 1048576K
}
Event: 71.737 GC heap after
{Heap after GC invocations=56 (full 3):
 PSYoungGen      total 20480K, used 833K [0x00000000d5580000, 0x00000000d6d00000, 0x0000000100000000)
  eden space 19456K, 0% used [0x00000000d5580000,0x00000000d5580000,0x00000000d6880000)
  from space 1024K, 81% used [0x00000000d6880000,0x00000000d6950428,0x00000000d6980000)
  to   space 2048K, 0% used [0x00000000d6b00000,0x00000000d6b00000,0x00000000d6d00000)
 ParOldGen       total 75776K, used 75610K [0x0000000080000000, 0x0000000084a00000, 0x00000000d5580000)
  object space 75776K, 99% used [0x0000000080000000,0x00000000849d6ac0,0x0000000084a00000)
 Metaspace       used 75321K, committed 76864K, reserved 1179648K
  class space    used 7852K, committed 8512K, reserved 1048576K
}
Event: 73.347 GC heap before
{Heap before GC invocations=57 (full 3):
 PSYoungGen      total 20480K, used 20289K [0x00000000d5580000, 0x00000000d6d00000, 0x0000000100000000)
  eden space 19456K, 100% used [0x00000000d5580000,0x00000000d6880000,0x00000000d6880000)
  from space 1024K, 81% used [0x00000000d6880000,0x00000000d6950428,0x00000000d6980000)
  to   space 2048K, 0% used [0x00000000d6b00000,0x00000000d6b00000,0x00000000d6d00000)
 ParOldGen       total 75776K, used 75610K [0x0000000080000000, 0x0000000084a00000, 0x00000000d5580000)
  object space 75776K, 99% used [0x0000000080000000,0x00000000849d6ac0,0x0000000084a00000)
 Metaspace       used 75365K, committed 76928K, reserved 1179648K
  class space    used 7852K, committed 8512K, reserved 1048576K
}
Event: 73.353 GC heap after
{Heap after GC invocations=57 (full 3):
 PSYoungGen      total 17920K, used 2029K [0x00000000d5580000, 0x00000000d7480000, 0x0000000100000000)
  eden space 15872K, 0% used [0x00000000d5580000,0x00000000d5580000,0x00000000d6500000)
  from space 2048K, 99% used [0x00000000d6b00000,0x00000000d6cfb530,0x00000000d6d00000)
  to   space 6144K, 0% used [0x00000000d6500000,0x00000000d6500000,0x00000000d6b00000)
 ParOldGen       total 78848K, used 78625K [0x0000000080000000, 0x0000000084d00000, 0x00000000d5580000)
  object space 78848K, 99% used [0x0000000080000000,0x0000000084cc86d8,0x0000000084d00000)
 Metaspace       used 75365K, committed 76928K, reserved 1179648K
  class space    used 7852K, committed 8512K, reserved 1048576K
}
Event: 73.748 GC heap before
{Heap before GC invocations=58 (full 3):
 PSYoungGen      total 17920K, used 17901K [0x00000000d5580000, 0x00000000d7480000, 0x0000000100000000)
  eden space 15872K, 100% used [0x00000000d5580000,0x00000000d6500000,0x00000000d6500000)
  from space 2048K, 99% used [0x00000000d6b00000,0x00000000d6cfb530,0x00000000d6d00000)
  to   space 6144K, 0% used [0x00000000d6500000,0x00000000d6500000,0x00000000d6b00000)
 ParOldGen       total 78848K, used 78625K [0x0000000080000000, 0x0000000084d00000, 0x00000000d5580000)
  object space 78848K, 99% used [0x0000000080000000,0x0000000084cc86d8,0x0000000084d00000)
 Metaspace       used 75406K, committed 76928K, reserved 1179648K
  class space    used 7852K, committed 8512K, reserved 1048576K
}
Event: 73.755 GC heap after
{Heap after GC invocations=58 (full 3):
 PSYoungGen      total 19456K, used 3479K [0x00000000d5580000, 0x00000000d6d00000, 0x0000000100000000)
  eden space 15872K, 0% used [0x00000000d5580000,0x00000000d5580000,0x00000000d6500000)
  from space 3584K, 97% used [0x00000000d6500000,0x00000000d6865c60,0x00000000d6880000)
  to   space 4096K, 0% used [0x00000000d6900000,0x00000000d6900000,0x00000000d6d00000)
 ParOldGen       total 79360K, used 79269K [0x0000000080000000, 0x0000000084d80000, 0x00000000d5580000)
  object space 79360K, 99% used [0x0000000080000000,0x0000000084d695e0,0x0000000084d80000)
 Metaspace       used 75406K, committed 76928K, reserved 1179648K
  class space    used 7852K, committed 8512K, reserved 1048576K
}
Event: 75.158 GC heap before
{Heap before GC invocations=59 (full 3):
 PSYoungGen      total 19456K, used 19351K [0x00000000d5580000, 0x00000000d6d00000, 0x0000000100000000)
  eden space 15872K, 100% used [0x00000000d5580000,0x00000000d6500000,0x00000000d6500000)
  from space 3584K, 97% used [0x00000000d6500000,0x00000000d6865c60,0x00000000d6880000)
  to   space 4096K, 0% used [0x00000000d6900000,0x00000000d6900000,0x00000000d6d00000)
 ParOldGen       total 79360K, used 79269K [0x0000000080000000, 0x0000000084d80000, 0x00000000d5580000)
  object space 79360K, 99% used [0x0000000080000000,0x0000000084d695e0,0x0000000084d80000)
 Metaspace       used 75531K, committed 77056K, reserved 1179648K
  class space    used 7856K, committed 8512K, reserved 1048576K
}
Event: 75.164 GC heap after
{Heap after GC invocations=59 (full 3):
 PSYoungGen      total 17408K, used 1258K [0x00000000d5580000, 0x00000000d6a80000, 0x0000000100000000)
  eden space 15872K, 0% used [0x00000000d5580000,0x00000000d5580000,0x00000000d6500000)
  from space 1536K, 81% used [0x00000000d6900000,0x00000000d6a3aba0,0x00000000d6a80000)
  to   space 2560K, 0% used [0x00000000d6580000,0x00000000d6580000,0x00000000d6800000)
 ParOldGen       total 82944K, used 82620K [0x0000000080000000, 0x0000000085100000, 0x00000000d5580000)
  object space 82944K, 99% used [0x0000000080000000,0x00000000850af220,0x0000000085100000)
 Metaspace       used 75531K, committed 77056K, reserved 1179648K
  class space    used 7856K, committed 8512K, reserved 1048576K
}

