# JRE version: OpenJDK Runtime Environment Temurin-21.0.10+7 (21.0.10+7) (build 21.0.10+7-LTS)
# Java VM: OpenJDK 64-Bit Server VM Temurin-21.0.10+7 (21.0.10+7-LTS, mixed mode, sharing, tiered, compressed oops, compressed class ptrs, parallel gc, windows-amd64)
GC Precious Log:
 CardTable entry size: 512
 CPUs: 4 total, 4 available
 Memory: 7958M
 Large Page Support: Disabled
 NUMA Support: Disabled
 Compressed Oops: Enabled (32-bit)
 Alignments: Space 512K, Generation 512K, Heap 2M
 Heap Min Capacity: 100M
 Heap Initial Capacity: 100M
 Heap Max Capacity: 2G
 Pre-touch: Disabled
 Parallel Workers: 4
Heap:
 PSYoungGen      total 17408K, used 554K [0x00000000d5580000, 0x00000000d6980000, 0x0000000100000000)
  eden space 16384K, 2% used [0x00000000d5580000,0x00000000d55d5618,0x00000000d6580000)
  from space 1024K, 20% used [0x00000000d6800000,0x00000000d6835580,0x00000000d6900000)
  to   space 512K, 0% used [0x00000000d6900000,0x00000000d6900000,0x00000000d6980000)
 ParOldGen       total 68608K, used 54296K [0x0000000080000000, 0x0000000084300000, 0x00000000d5580000)
  object space 68608K, 79% used [0x0000000080000000,0x0000000083506280,0x0000000084300000)
 Metaspace       used 67557K, committed 69056K, reserved 1114112K
  class space    used 7044K, committed 7680K, reserved 1048576K
GC Heap History (20 events):
Event: 33.786 GC heap before
{Heap before GC invocations=41 (full 3):
 PSYoungGen      total 18944K, used 2423K [0x00000000d5580000, 0x00000000d6c00000, 0x0000000100000000)
  eden space 16384K, 0% used [0x00000000d5580000,0x00000000d5580000,0x00000000d6580000)
  from space 2560K, 94% used [0x00000000d6880000,0x00000000d6addff0,0x00000000d6b00000)
  to   space 3072K, 0% used [0x00000000d6580000,0x00000000d6580000,0x00000000d6880000)
 ParOldGen       total 68608K, used 48170K [0x0000000080000000, 0x0000000084300000, 0x00000000d5580000)
  object space 68608K, 70% used [0x0000000080000000,0x0000000082f0a978,0x0000000084300000)
 Metaspace       used 59424K, committed 60736K, reserved 1114112K
  class space    used 6293K, committed 6912K, reserved 1048576K
}
Event: 33.936 GC heap after
{Heap after GC invocations=41 (full 3):
 PSYoungGen      total 18944K, used 0K [0x00000000d5580000, 0x00000000d6c00000, 0x0000000100000000)
  eden space 16384K, 0% used [0x00000000d5580000,0x00000000d5580000,0x00000000d6580000)
  from space 2560K, 0% used [0x00000000d6880000,0x00000000d6880000,0x00000000d6b00000)
  to   space 3072K, 0% used [0x00000000d6580000,0x00000000d6580000,0x00000000d6880000)
 ParOldGen       total 68608K, used 43939K [0x0000000080000000, 0x0000000084300000, 0x00000000d5580000)
  object space 68608K, 64% used [0x0000000080000000,0x0000000082ae8db8,0x0000000084300000)
 Metaspace       used 59424K, committed 60736K, reserved 1114112K
  class space    used 6293K, committed 6912K, reserved 1048576K
}
Event: 34.959 GC heap before
{Heap before GC invocations=42 (full 3):
 PSYoungGen      total 18944K, used 16384K [0x00000000d5580000, 0x00000000d6c00000, 0x0000000100000000)
  eden space 16384K, 100% used [0x00000000d5580000,0x00000000d6580000,0x00000000d6580000)
  from space 2560K, 0% used [0x00000000d6880000,0x00000000d6880000,0x00000000d6b00000)
  to   space 3072K, 0% used [0x00000000d6580000,0x00000000d6580000,0x00000000d6880000)
 ParOldGen       total 68608K, used 43939K [0x0000000080000000, 0x0000000084300000, 0x00000000d5580000)
  object space 68608K, 64% used [0x0000000080000000,0x0000000082ae8db8,0x0000000084300000)
 Metaspace       used 60643K, committed 62016K, reserved 1114112K
  class space    used 6402K, committed 6976K, reserved 1048576K
}
Event: 34.963 GC heap after
{Heap after GC invocations=42 (full 3):
 PSYoungGen      total 18944K, used 2458K [0x00000000d5580000, 0x00000000d6a80000, 0x0000000100000000)
  eden space 16384K, 0% used [0x00000000d5580000,0x00000000d5580000,0x00000000d6580000)
  from space 2560K, 96% used [0x00000000d6580000,0x00000000d67e6b50,0x00000000d6800000)
  to   space 2560K, 0% used [0x00000000d6800000,0x00000000d6800000,0x00000000d6a80000)
 ParOldGen       total 68608K, used 43947K [0x0000000080000000, 0x0000000084300000, 0x00000000d5580000)
  object space 68608K, 64% used [0x0000000080000000,0x0000000082aeadb8,0x0000000084300000)
 Metaspace       used 60643K, committed 62016K, reserved 1114112K
  class space    used 6402K, committed 6976K, reserved 1048576K
}
Event: 36.533 GC heap before
{Heap before GC invocations=43 (full 3):
 PSYoungGen      total 18944K, used 18842K [0x00000000d5580000, 0x00000000d6a80000, 0x0000000100000000)
  eden space 16384K, 100% used [0x00000000d5580000,0x00000000d6580000,0x00000000d6580000)
  from space 2560K, 96% used [0x00000000d6580000,0x00000000d67e6b50,0x00000000d6800000)
  to   space 2560K, 0% used [0x00000000d6800000,0x00000000d6800000,0x00000000d6a80000)
 ParOldGen       total 68608K, used 43947K [0x0000000080000000, 0x0000000084300000, 0x00000000d5580000)
  object space 68608K, 64% used [0x0000000080000000,0x0000000082aeadb8,0x0000000084300000)
 Metaspace       used 62215K, committed 63552K, reserved 1114112K
  class space    used 6515K, committed 7104K, reserved 1048576K
}
Event: 36.537 GC heap after
{Heap after GC invocations=43 (full 3):
 PSYoungGen      total 18944K, used 2425K [0x00000000d5580000, 0x00000000d6a80000, 0x0000000100000000)
  eden space 16384K, 0% used [0x00000000d5580000,0x00000000d5580000,0x00000000d6580000)
  from space 2560K, 94% used [0x00000000d6800000,0x00000000d6a5e480,0x00000000d6a80000)
  to   space 2560K, 0% used [0x00000000d6580000,0x00000000d6580000,0x00000000d6800000)
 ParOldGen       total 68608K, used 46248K [0x0000000080000000, 0x0000000084300000, 0x00000000d5580000)
  object space 68608K, 67% used [0x0000000080000000,0x0000000082d2a3c8,0x0000000084300000)
 Metaspace       used 62215K, committed 63552K, reserved 1114112K
  class space    used 6515K, committed 7104K, reserved 1048576K
}
Event: 37.157 GC heap before
{Heap before GC invocations=44 (full 3):
 PSYoungGen      total 18944K, used 18809K [0x00000000d5580000, 0x00000000d6a80000, 0x0000000100000000)
  eden space 16384K, 100% used [0x00000000d5580000,0x00000000d6580000,0x00000000d6580000)
  from space 2560K, 94% used [0x00000000d6800000,0x00000000d6a5e480,0x00000000d6a80000)
  to   space 2560K, 0% used [0x00000000d6580000,0x00000000d6580000,0x00000000d6800000)
 ParOldGen       total 68608K, used 46248K [0x0000000080000000, 0x0000000084300000, 0x00000000d5580000)
  object space 68608K, 67% used [0x0000000080000000,0x0000000082d2a3c8,0x0000000084300000)
 Metaspace       used 62554K, committed 63936K, reserved 1114112K
  class space    used 6546K, committed 7104K, reserved 1048576K
}
Event: 37.161 GC heap after
{Heap after GC invocations=44 (full 3):
 PSYoungGen      total 17920K, used 1443K [0x00000000d5580000, 0x00000000d6980000, 0x0000000100000000)
  eden space 16384K, 0% used [0x00000000d5580000,0x00000000d5580000,0x00000000d6580000)
  from space 1536K, 94% used [0x00000000d6580000,0x00000000d66e8fe0,0x00000000d6700000)
  to   space 2048K, 0% used [0x00000000d6780000,0x00000000d6780000,0x00000000d6980000)
 ParOldGen       total 68608K, used 48577K [0x0000000080000000, 0x0000000084300000, 0x00000000d5580000)
  object space 68608K, 70% used [0x0000000080000000,0x0000000082f706f0,0x0000000084300000)
 Metaspace       used 62554K, committed 63936K, reserved 1114112K
  class space    used 6546K, committed 7104K, reserved 1048576K
}
Event: 37.668 GC heap before
{Heap before GC invocations=45 (full 3):
 PSYoungGen      total 17920K, used 17827K [0x00000000d5580000, 0x00000000d6980000, 0x0000000100000000)
  eden space 16384K, 100% used [0x00000000d5580000,0x00000000d6580000,0x00000000d6580000)
  from space 1536K, 94% used [0x00000000d6580000,0x00000000d66e8fe0,0x00000000d6700000)
  to   space 2048K, 0% used [0x00000000d6780000,0x00000000d6780000,0x00000000d6980000)
 ParOldGen       total 68608K, used 48577K [0x0000000080000000, 0x0000000084300000, 0x00000000d5580000)
  object space 68608K, 70% used [0x0000000080000000,0x0000000082f706f0,0x0000000084300000)
 Metaspace       used 62658K, committed 64064K, reserved 1114112K
  class space    used 6551K, committed 7104K, reserved 1048576K
}
Event: 37.670 GC heap after
{Heap after GC invocations=45 (full 3):
 PSYoungGen      total 17408K, used 672K [0x00000000d5580000, 0x00000000d6880000, 0x0000000100000000)
  eden space 16384K, 0% used [0x00000000d5580000,0x00000000d5580000,0x00000000d6580000)
  from space 1024K, 65% used [0x00000000d6780000,0x00000000d6828000,0x00000000d6880000)
  to   space 1024K, 0% used [0x00000000d6680000,0x00000000d6680000,0x00000000d6780000)
 ParOldGen       total 68608K, used 49889K [0x0000000080000000, 0x0000000084300000, 0x00000000d5580000)
  object space 68608K, 72% used [0x0000000080000000,0x00000000830b8638,0x0000000084300000)
 Metaspace       used 62658K, committed 64064K, reserved 1114112K
  class space    used 6551K, committed 7104K, reserved 1048576K
}
Event: 38.638 GC heap before
{Heap before GC invocations=46 (full 3):
 PSYoungGen      total 17408K, used 17056K [0x00000000d5580000, 0x00000000d6880000, 0x0000000100000000)
  eden space 16384K, 100% used [0x00000000d5580000,0x00000000d6580000,0x00000000d6580000)
  from space 1024K, 65% used [0x00000000d6780000,0x00000000d6828000,0x00000000d6880000)
  to   space 1024K, 0% used [0x00000000d6680000,0x00000000d6680000,0x00000000d6780000)
 ParOldGen       total 68608K, used 49889K [0x0000000080000000, 0x0000000084300000, 0x00000000d5580000)
  object space 68608K, 72% used [0x0000000080000000,0x00000000830b8638,0x0000000084300000)
 Metaspace       used 63950K, committed 65408K, reserved 1114112K
  class space    used 6676K, committed 7296K, reserved 1048576K
}
Event: 38.645 GC heap after
{Heap after GC invocations=46 (full 3):
 PSYoungGen      total 17408K, used 999K [0x00000000d5580000, 0x00000000d6d80000, 0x0000000100000000)
  eden space 16384K, 0% used [0x00000000d5580000,0x00000000d5580000,0x00000000d6580000)
  from space 1024K, 97% used [0x00000000d6680000,0x00000000d6779c10,0x00000000d6780000)
  to   space 4096K, 0% used [0x00000000d6980000,0x00000000d6980000,0x00000000d6d80000)
 ParOldGen       total 68608K, used 52122K [0x0000000080000000, 0x0000000084300000, 0x00000000d5580000)
  object space 68608K, 75% used [0x0000000080000000,0x00000000832e6868,0x0000000084300000)
 Metaspace       used 63950K, committed 65408K, reserved 1114112K
  class space    used 6676K, committed 7296K, reserved 1048576K
}
Event: 39.505 GC heap before
{Heap before GC invocations=47 (full 3):
 PSYoungGen      total 17408K, used 17383K [0x00000000d5580000, 0x00000000d6d80000, 0x0000000100000000)
  eden space 16384K, 100% used [0x00000000d5580000,0x00000000d6580000,0x00000000d6580000)
  from space 1024K, 97% used [0x00000000d6680000,0x00000000d6779c10,0x00000000d6780000)
  to   space 4096K, 0% used [0x00000000d6980000,0x00000000d6980000,0x00000000d6d80000)
 ParOldGen       total 68608K, used 52122K [0x0000000080000000, 0x0000000084300000, 0x00000000d5580000)
  object space 68608K, 75% used [0x0000000080000000,0x00000000832e6868,0x0000000084300000)
 Metaspace       used 64837K, committed 66240K, reserved 1114112K
  class space    used 6751K, committed 7360K, reserved 1048576K
}
Event: 39.507 GC heap after
{Heap after GC invocations=47 (full 3):
 PSYoungGen      total 17408K, used 854K [0x00000000d5580000, 0x00000000d6a80000, 0x0000000100000000)
  eden space 16384K, 0% used [0x00000000d5580000,0x00000000d5580000,0x00000000d6580000)
  from space 1024K, 83% used [0x00000000d6980000,0x00000000d6a55818,0x00000000d6a80000)
  to   space 2048K, 0% used [0x00000000d6680000,0x00000000d6680000,0x00000000d6880000)
 ParOldGen       total 68608K, used 52823K [0x0000000080000000, 0x0000000084300000, 0x00000000d5580000)
  object space 68608K, 76% used [0x0000000080000000,0x0000000083395fe8,0x0000000084300000)
 Metaspace       used 64837K, committed 66240K, reserved 1114112K
  class space    used 6751K, committed 7360K, reserved 1048576K
}
Event: 40.162 GC heap before
{Heap before GC invocations=48 (full 3):
 PSYoungGen      total 17408K, used 17211K [0x00000000d5580000, 0x00000000d6a80000, 0x0000000100000000)
  eden space 16384K, 99% used [0x00000000d5580000,0x00000000d6579730,0x00000000d6580000)
  from space 1024K, 83% used [0x00000000d6980000,0x00000000d6a55818,0x00000000d6a80000)
  to   space 2048K, 0% used [0x00000000d6680000,0x00000000d6680000,0x00000000d6880000)
 ParOldGen       total 68608K, used 52823K [0x0000000080000000, 0x0000000084300000, 0x00000000d5580000)
  object space 68608K, 76% used [0x0000000080000000,0x0000000083395fe8,0x0000000084300000)
 Metaspace       used 65452K, committed 66816K, reserved 1114112K
  class space    used 6793K, committed 7360K, reserved 1048576K
}
Event: 40.165 GC heap after
{Heap after GC invocations=48 (full 3):
 PSYoungGen      total 18432K, used 163K [0x00000000d5580000, 0x00000000d6a00000, 0x0000000100000000)
  eden space 16384K, 0% used [0x00000000d5580000,0x00000000d5580000,0x00000000d6580000)
  from space 2048K, 7% used [0x00000000d6680000,0x00000000d66a8f00,0x00000000d6880000)
  to   space 1024K, 0% used [0x00000000d6900000,0x00000000d6900000,0x00000000d6a00000)
 ParOldGen       total 68608K, used 53616K [0x0000000080000000, 0x0000000084300000, 0x00000000d5580000)
  object space 68608K, 78% used [0x0000000080000000,0x000000008345c280,0x0000000084300000)
 Metaspace       used 65452K, committed 66816K, reserved 1114112K
  class space    used 6793K, committed 7360K, reserved 1048576K
}
Event: 41.374 GC heap before
{Heap before GC invocations=49 (full 3):
 PSYoungGen      total 18432K, used 16547K [0x00000000d5580000, 0x00000000d6a00000, 0x0000000100000000)
  eden space 16384K, 100% used [0x00000000d5580000,0x00000000d6580000,0x00000000d6580000)
  from space 2048K, 7% used [0x00000000d6680000,0x00000000d66a8f00,0x00000000d6880000)
  to   space 1024K, 0% used [0x00000000d6900000,0x00000000d6900000,0x00000000d6a00000)
 ParOldGen       total 68608K, used 53616K [0x0000000080000000, 0x0000000084300000, 0x00000000d5580000)
  object space 68608K, 78% used [0x0000000080000000,0x000000008345c280,0x0000000084300000)
 Metaspace       used 66992K, committed 68480K, reserved 1114112K
  class space    used 7002K, committed 7616K, reserved 1048576K
}
Event: 41.378 GC heap after
{Heap after GC invocations=49 (full 3):
 PSYoungGen      total 17408K, used 853K [0x00000000d5580000, 0x00000000d6a00000, 0x0000000100000000)
  eden space 16384K, 0% used [0x00000000d5580000,0x00000000d5580000,0x00000000d6580000)
  from space 1024K, 83% used [0x00000000d6900000,0x00000000d69d5580,0x00000000d6a00000)
  to   space 1024K, 0% used [0x00000000d6800000,0x00000000d6800000,0x00000000d6900000)
 ParOldGen       total 68608K, used 53656K [0x0000000080000000, 0x0000000084300000, 0x00000000d5580000)
  object space 68608K, 78% used [0x0000000080000000,0x0000000083466280,0x0000000084300000)
 Metaspace       used 66992K, committed 68480K, reserved 1114112K
  class space    used 7002K, committed 7616K, reserved 1048576K
}
Event: 331.822 GC heap before
{Heap before GC invocations=50 (full 3):
 PSYoungGen      total 17408K, used 17237K [0x00000000d5580000, 0x00000000d6a00000, 0x0000000100000000)
  eden space 16384K, 100% used [0x00000000d5580000,0x00000000d6580000,0x00000000d6580000)
  from space 1024K, 83% used [0x00000000d6900000,0x00000000d69d5580,0x00000000d6a00000)
  to   space 1024K, 0% used [0x00000000d6800000,0x00000000d6800000,0x00000000d6900000)
 ParOldGen       total 68608K, used 53656K [0x0000000080000000, 0x0000000084300000, 0x00000000d5580000)
  object space 68608K, 78% used [0x0000000080000000,0x0000000083466280,0x0000000084300000)
 Metaspace       used 67549K, committed 69056K, reserved 1114112K
  class space    used 7043K, committed 7680K, reserved 1048576K
}
Event: 332.001 GC heap after
{Heap after GC invocations=50 (full 3):
 PSYoungGen      total 17408K, used 213K [0x00000000d5580000, 0x00000000d6980000, 0x0000000100000000)
  eden space 16384K, 0% used [0x00000000d5580000,0x00000000d5580000,0x00000000d6580000)
  from space 1024K, 20% used [0x00000000d6800000,0x00000000d6835580,0x00000000d6900000)
  to   space 512K, 0% used [0x00000000d6900000,0x00000000d6900000,0x00000000d6980000)
 ParOldGen       total 68608K, used 54296K [0x0000000080000000, 0x0000000084300000, 0x00000000d5580000)
  object space 68608K, 79% used [0x0000000080000000,0x0000000083506280,0x0000000084300000)
 Metaspace       used 67549K, committed 69056K, reserved 1114112K
  class space    used 7043K, committed 7680K, reserved 1048576K
}

